2025-11-22 21:40:52,025 - VirtualSensor01 - INFO - Starting VirtualSensor01 - Connecting to https://eu.thingsboard.cloud:1883
2025-11-22 21:40:52,051 - VirtualSensor01 - ERROR - Failed to start sensor: [Errno 11001] getaddrinfo failed
2025-11-22 21:41:35,749 - VirtualSensor01 - INFO - Starting VirtualSensor01 - Connecting to eu.thingsboard.cloud:1883
2025-11-22 21:41:36,061 - VirtualSensor01 - INFO - Connected to ThingsBoard successfully
2025-11-22 21:41:36,069 - VirtualSensor01 - INFO - Subscribed to v1/devices/me/attributes
2025-11-22 21:41:36,071 - VirtualSensor01 - INFO - Requested shared attributes
2025-11-22 21:41:36,221 - VirtualSensor01 - INFO - Received message on v1/devices/me/attributes/response/1: {}
2025-11-22 21:41:37,963 - VirtualSensor01 - INFO - Starting telemetry loop
2025-11-22 21:41:37,963 - VirtualSensor01 - INFO - Sensor started successfully
2025-11-22 21:41:37,965 - VirtualSensor01 - INFO - Published telemetry: {'temperature': 17.16, 'humidity': 54.86}
2025-11-22 21:41:42,973 - VirtualSensor01 - INFO - Published telemetry: {'temperature': 19.55, 'humidity': 65.41}
2025-11-22 21:41:47,979 - VirtualSensor01 - INFO - Published telemetry: {'temperature': 18.01, 'humidity': 48.01}
2025-11-22 21:41:52,986 - VirtualSensor01 - INFO - Published telemetry: {'temperature': 21.09, 'humidity': 37.76}
2025-11-22 21:41:57,996 - VirtualSensor01 - INFO - Published telemetry: {'temperature': 23.06, 'humidity': 40.4}
2025-11-22 21:42:03,000 - VirtualSensor01 - INFO - Published telemetry: {'temperature': 18.05, 'humidity': 64.64}
2025-11-22 21:42:08,011 - VirtualSensor01 - INFO - Published telemetry: {'temperature': 23.36, 'humidity': 51.23}
2025-11-22 21:42:13,013 - VirtualSensor01 - INFO - Published telemetry: {'temperature': 22.48, 'humidity': 58.97}
2025-11-22 21:42:18,017 - VirtualSensor01 - INFO - Published telemetry: {'temperature': 18.38, 'humidity': 37.68}
2025-11-22 21:42:23,032 - VirtualSensor01 - INFO - Published telemetry: {'temperature': 20.24, 'humidity': 63.51}
2025-11-22 21:42:28,044 - VirtualSensor01 - INFO - Published telemetry: {'temperature': 23.87, 'humidity': 42.03}
2025-11-22 21:42:33,058 - VirtualSensor01 - INFO - Published telemetry: {'temperature': 22.11, 'humidity': 63.89}
2025-11-22 21:42:38,073 - VirtualSensor01 - INFO - Published telemetry: {'temperature': 24.31, 'humidity': 47.54}
2025-11-22 21:42:43,080 - VirtualSensor01 - INFO - Published telemetry: {'temperature': 16.57, 'humidity': 53.12}
2025-11-22 21:42:48,095 - VirtualSensor01 - INFO - Published telemetry: {'temperature': 20.07, 'humidity': 48.96}
2025-11-22 21:42:53,106 - VirtualSensor01 - INFO - Published telemetry: {'temperature': 22.53, 'humidity': 51.56}
2025-11-22 21:42:58,121 - VirtualSensor01 - INFO - Published telemetry: {'temperature': 23.91, 'humidity': 41.5}
2025-11-22 21:43:03,129 - VirtualSensor01 - INFO - Published telemetry: {'temperature': 25.68, 'humidity': 53.67}
2025-11-22 21:43:08,136 - VirtualSensor01 - INFO - Published telemetry: {'temperature': 22.74, 'humidity': 62.61}
2025-11-22 21:43:13,140 - VirtualSensor01 - INFO - Published telemetry: {'temperature': 18.7, 'humidity': 58.53}
2025-11-22 21:43:18,144 - VirtualSensor01 - INFO - Published telemetry: {'temperature': 19.27, 'humidity': 46.62}
2025-11-22 21:43:23,147 - VirtualSensor01 - INFO - Published telemetry: {'temperature': 20.54, 'humidity': 60.25}
2025-11-22 21:43:28,149 - VirtualSensor01 - INFO - Published telemetry: {'temperature': 20.79, 'humidity': 51.4}
2025-11-22 21:43:33,151 - VirtualSensor01 - INFO - Published telemetry: {'temperature': 22.07, 'humidity': 42.93}
2025-11-22 21:43:38,165 - VirtualSensor01 - INFO - Published telemetry: {'temperature': 25.3, 'humidity': 59.26}
2025-11-22 21:43:43,174 - VirtualSensor01 - INFO - Published telemetry: {'temperature': 22.65, 'humidity': 51.68}
2025-11-22 21:43:48,183 - VirtualSensor01 - INFO - Published telemetry: {'temperature': 15.23, 'humidity': 48.53}
2025-11-22 21:43:53,186 - VirtualSensor01 - INFO - Published telemetry: {'temperature': 18.46, 'humidity': 63.74}
2025-11-22 21:43:58,193 - VirtualSensor01 - INFO - Published telemetry: {'temperature': 24.67, 'humidity': 37.33}
2025-11-22 21:44:03,201 - VirtualSensor01 - INFO - Published telemetry: {'temperature': 23.42, 'humidity': 41.42}
2025-11-22 21:44:08,206 - VirtualSensor01 - INFO - Published telemetry: {'temperature': 22.03, 'humidity': 52.15}
2025-11-22 21:44:13,213 - VirtualSensor01 - INFO - Published telemetry: {'temperature': 19.95, 'humidity': 63.36}
2025-11-22 21:44:18,215 - VirtualSensor01 - INFO - Published telemetry: {'temperature': 20.84, 'humidity': 39.14}
2025-11-22 21:44:23,220 - VirtualSensor01 - INFO - Published telemetry: {'temperature': 17.58, 'humidity': 42.99}
2025-11-22 21:44:28,236 - VirtualSensor01 - INFO - Published telemetry: {'temperature': 23.86, 'humidity': 38.17}
2025-11-22 21:44:33,245 - VirtualSensor01 - INFO - Published telemetry: {'temperature': 18.8, 'humidity': 38.37}
2025-11-22 21:44:38,249 - VirtualSensor01 - INFO - Published telemetry: {'temperature': 17.48, 'humidity': 37.03}
2025-11-22 21:44:43,261 - VirtualSensor01 - INFO - Published telemetry: {'temperature': 20.53, 'humidity': 49.28}
2025-11-22 21:44:48,271 - VirtualSensor01 - INFO - Published telemetry: {'temperature': 18.33, 'humidity': 47.39}
2025-11-22 21:44:53,284 - VirtualSensor01 - INFO - Published telemetry: {'temperature': 20.16, 'humidity': 44.31}
2025-11-22 21:44:58,290 - VirtualSensor01 - INFO - Published telemetry: {'temperature': 24.92, 'humidity': 48.41}
2025-11-22 21:45:03,297 - VirtualSensor01 - INFO - Published telemetry: {'temperature': 24.96, 'humidity': 47.19}
2025-11-22 21:45:08,308 - VirtualSensor01 - INFO - Published telemetry: {'temperature': 22.49, 'humidity': 36.81}
2025-11-22 21:45:13,323 - VirtualSensor01 - INFO - Published telemetry: {'temperature': 25.67, 'humidity': 58.79}
2025-11-22 21:45:18,325 - VirtualSensor01 - INFO - Published telemetry: {'temperature': 19.13, 'humidity': 45.67}
2025-11-22 21:45:23,340 - VirtualSensor01 - INFO - Published telemetry: {'temperature': 21.14, 'humidity': 51.66}
2025-11-22 21:45:28,350 - VirtualSensor01 - INFO - Published telemetry: {'temperature': 20.16, 'humidity': 64.3}
2025-11-22 21:45:33,357 - VirtualSensor01 - INFO - Published telemetry: {'temperature': 21.96, 'humidity': 58.24}
2025-11-22 21:45:38,367 - VirtualSensor01 - INFO - Published telemetry: {'temperature': 16.18, 'humidity': 54.56}
2025-11-22 21:45:43,381 - VirtualSensor01 - INFO - Published telemetry: {'temperature': 22.79, 'humidity': 55.98}
2025-11-22 21:45:48,388 - VirtualSensor01 - INFO - Published telemetry: {'temperature': 20.92, 'humidity': 48.73}
2025-11-22 21:45:53,403 - VirtualSensor01 - INFO - Published telemetry: {'temperature': 18.04, 'humidity': 48.98}
2025-11-22 21:45:58,417 - VirtualSensor01 - INFO - Published telemetry: {'temperature': 25.33, 'humidity': 44.39}
2025-11-22 21:46:03,430 - VirtualSensor01 - INFO - Published telemetry: {'temperature': 25.77, 'humidity': 63.3}
2025-11-22 21:46:08,440 - VirtualSensor01 - INFO - Published telemetry: {'temperature': 16.68, 'humidity': 42.24}
2025-11-22 21:46:13,446 - VirtualSensor01 - INFO - Published telemetry: {'temperature': 16.35, 'humidity': 43.23}
2025-11-22 21:46:18,457 - VirtualSensor01 - INFO - Published telemetry: {'temperature': 23.77, 'humidity': 37.87}
2025-11-22 21:46:23,464 - VirtualSensor01 - INFO - Published telemetry: {'temperature': 19.72, 'humidity': 54.46}
2025-11-22 21:46:28,476 - VirtualSensor01 - INFO - Published telemetry: {'temperature': 25.51, 'humidity': 36.77}
2025-11-22 21:46:33,487 - VirtualSensor01 - INFO - Published telemetry: {'temperature': 16.37, 'humidity': 58.72}
2025-11-22 21:46:38,496 - VirtualSensor01 - INFO - Published telemetry: {'temperature': 21.51, 'humidity': 55.75}
2025-11-22 21:46:43,502 - VirtualSensor01 - INFO - Published telemetry: {'temperature': 18.5, 'humidity': 38.67}
2025-11-22 21:46:48,512 - VirtualSensor01 - INFO - Published telemetry: {'temperature': 19.08, 'humidity': 55.58}
2025-11-22 21:46:53,513 - VirtualSensor01 - INFO - Published telemetry: {'temperature': 22.98, 'humidity': 63.96}
2025-11-22 21:46:58,525 - VirtualSensor01 - INFO - Published telemetry: {'temperature': 22.3, 'humidity': 49.12}
2025-11-22 21:47:03,527 - VirtualSensor01 - INFO - Published telemetry: {'temperature': 22.44, 'humidity': 48.98}
2025-11-22 21:47:08,532 - VirtualSensor01 - INFO - Published telemetry: {'temperature': 19.79, 'humidity': 51.12}
2025-11-22 21:47:13,543 - VirtualSensor01 - INFO - Published telemetry: {'temperature': 20.99, 'humidity': 62.91}
2025-11-22 21:47:18,545 - VirtualSensor01 - INFO - Published telemetry: {'temperature': 21.98, 'humidity': 42.44}
2025-11-22 21:47:23,560 - VirtualSensor01 - INFO - Published telemetry: {'temperature': 16.18, 'humidity': 59.09}
2025-11-22 21:47:28,563 - VirtualSensor01 - INFO - Published telemetry: {'temperature': 23.75, 'humidity': 58.15}
2025-11-22 21:47:33,576 - VirtualSensor01 - INFO - Published telemetry: {'temperature': 17.35, 'humidity': 64.04}
2025-11-22 21:47:38,585 - VirtualSensor01 - INFO - Published telemetry: {'temperature': 16.79, 'humidity': 62.56}
2025-11-22 21:47:43,594 - VirtualSensor01 - INFO - Published telemetry: {'temperature': 18.77, 'humidity': 61.3}
2025-11-22 21:47:48,609 - VirtualSensor01 - INFO - Published telemetry: {'temperature': 21.0, 'humidity': 55.16}
2025-11-22 21:47:53,618 - VirtualSensor01 - INFO - Published telemetry: {'temperature': 23.17, 'humidity': 50.07}
2025-11-22 21:47:58,627 - VirtualSensor01 - INFO - Published telemetry: {'temperature': 18.73, 'humidity': 63.65}
2025-11-22 21:48:03,641 - VirtualSensor01 - INFO - Published telemetry: {'temperature': 24.27, 'humidity': 52.27}
2025-11-22 21:48:08,644 - VirtualSensor01 - INFO - Published telemetry: {'temperature': 19.85, 'humidity': 53.19}
2025-11-22 21:48:13,652 - VirtualSensor01 - INFO - Published telemetry: {'temperature': 18.91, 'humidity': 38.96}
2025-11-22 21:48:18,660 - VirtualSensor01 - INFO - Published telemetry: {'temperature': 21.37, 'humidity': 43.57}
2025-11-22 21:48:23,673 - VirtualSensor01 - INFO - Published telemetry: {'temperature': 16.72, 'humidity': 58.59}
2025-11-22 21:48:28,683 - VirtualSensor01 - INFO - Published telemetry: {'temperature': 22.6, 'humidity': 36.8}
2025-11-22 21:48:33,686 - VirtualSensor01 - INFO - Published telemetry: {'temperature': 23.1, 'humidity': 37.23}
2025-11-22 21:48:38,687 - VirtualSensor01 - INFO - Published telemetry: {'temperature': 23.32, 'humidity': 55.06}
2025-11-22 21:48:43,693 - VirtualSensor01 - INFO - Published telemetry: {'temperature': 23.27, 'humidity': 50.73}
2025-11-22 21:48:48,702 - VirtualSensor01 - INFO - Published telemetry: {'temperature': 22.82, 'humidity': 48.44}
2025-11-22 21:48:53,710 - VirtualSensor01 - INFO - Published telemetry: {'temperature': 17.52, 'humidity': 36.2}
2025-11-22 21:48:58,720 - VirtualSensor01 - INFO - Published telemetry: {'temperature': 19.93, 'humidity': 49.97}
2025-11-22 21:49:03,720 - VirtualSensor01 - INFO - Published telemetry: {'temperature': 24.07, 'humidity': 42.17}
2025-11-22 21:49:08,726 - VirtualSensor01 - INFO - Published telemetry: {'temperature': 15.35, 'humidity': 37.3}
2025-11-22 21:49:13,740 - VirtualSensor01 - INFO - Published telemetry: {'temperature': 17.41, 'humidity': 35.94}
2025-11-22 21:49:18,747 - VirtualSensor01 - INFO - Published telemetry: {'temperature': 15.21, 'humidity': 53.12}
2025-11-22 21:49:23,753 - VirtualSensor01 - INFO - Published telemetry: {'temperature': 24.24, 'humidity': 62.55}
2025-11-22 21:49:28,764 - VirtualSensor01 - INFO - Published telemetry: {'temperature': 20.34, 'humidity': 48.48}
2025-11-22 21:49:33,770 - VirtualSensor01 - INFO - Published telemetry: {'temperature': 17.76, 'humidity': 61.12}
2025-11-22 21:49:38,782 - VirtualSensor01 - INFO - Published telemetry: {'temperature': 17.54, 'humidity': 61.62}
2025-11-22 21:49:43,793 - VirtualSensor01 - INFO - Published telemetry: {'temperature': 21.97, 'humidity': 50.38}
2025-11-22 21:49:48,805 - VirtualSensor01 - INFO - Published telemetry: {'temperature': 15.76, 'humidity': 38.21}
2025-11-22 21:49:53,806 - VirtualSensor01 - INFO - Published telemetry: {'temperature': 21.19, 'humidity': 37.37}
2025-11-22 21:49:58,821 - VirtualSensor01 - INFO - Published telemetry: {'temperature': 21.81, 'humidity': 53.23}
2025-11-22 21:50:03,824 - VirtualSensor01 - INFO - Published telemetry: {'temperature': 24.49, 'humidity': 50.38}
2025-11-22 21:50:08,834 - VirtualSensor01 - INFO - Published telemetry: {'temperature': 15.59, 'humidity': 57.91}
2025-11-22 21:50:13,851 - VirtualSensor01 - INFO - Published telemetry: {'temperature': 18.06, 'humidity': 44.48}
2025-11-22 21:50:18,854 - VirtualSensor01 - INFO - Published telemetry: {'temperature': 18.83, 'humidity': 46.56}
2025-11-22 21:50:23,867 - VirtualSensor01 - INFO - Published telemetry: {'temperature': 20.6, 'humidity': 58.67}
2025-11-22 21:50:28,883 - VirtualSensor01 - INFO - Published telemetry: {'temperature': 22.94, 'humidity': 60.96}
2025-11-22 21:50:33,898 - VirtualSensor01 - INFO - Published telemetry: {'temperature': 23.21, 'humidity': 37.56}
2025-11-22 21:50:38,911 - VirtualSensor01 - INFO - Published telemetry: {'temperature': 22.73, 'humidity': 47.75}
2025-11-22 21:50:43,912 - VirtualSensor01 - INFO - Published telemetry: {'temperature': 15.46, 'humidity': 52.37}
2025-11-22 21:50:48,916 - VirtualSensor01 - INFO - Published telemetry: {'temperature': 15.56, 'humidity': 64.21}
2025-11-22 21:50:53,930 - VirtualSensor01 - INFO - Published telemetry: {'temperature': 19.14, 'humidity': 44.18}
2025-11-22 21:50:58,942 - VirtualSensor01 - INFO - Published telemetry: {'temperature': 22.14, 'humidity': 62.58}
2025-11-22 21:51:03,943 - VirtualSensor01 - INFO - Published telemetry: {'temperature': 23.93, 'humidity': 56.42}
2025-11-22 21:51:08,949 - VirtualSensor01 - INFO - Published telemetry: {'temperature': 20.92, 'humidity': 59.05}
2025-11-22 21:51:13,952 - VirtualSensor01 - INFO - Published telemetry: {'temperature': 15.92, 'humidity': 36.36}
2025-11-22 21:51:18,959 - VirtualSensor01 - INFO - Published telemetry: {'temperature': 16.34, 'humidity': 50.63}
2025-11-22 21:51:23,976 - VirtualSensor01 - INFO - Published telemetry: {'temperature': 21.3, 'humidity': 54.33}
2025-11-22 21:51:28,984 - VirtualSensor01 - INFO - Published telemetry: {'temperature': 24.35, 'humidity': 40.88}
2025-11-22 21:51:33,997 - VirtualSensor01 - INFO - Published telemetry: {'temperature': 20.16, 'humidity': 45.99}
2025-11-22 21:51:38,998 - VirtualSensor01 - INFO - Published telemetry: {'temperature': 21.4, 'humidity': 36.66}
2025-11-22 21:51:43,999 - VirtualSensor01 - INFO - Published telemetry: {'temperature': 24.72, 'humidity': 46.21}
2025-11-22 21:51:49,014 - VirtualSensor01 - INFO - Published telemetry: {'temperature': 16.59, 'humidity': 38.96}
2025-11-22 21:51:54,018 - VirtualSensor01 - INFO - Published telemetry: {'temperature': 21.83, 'humidity': 49.51}
2025-11-22 21:51:59,021 - VirtualSensor01 - INFO - Published telemetry: {'temperature': 22.63, 'humidity': 50.29}
2025-11-22 21:52:04,034 - VirtualSensor01 - INFO - Published telemetry: {'temperature': 21.49, 'humidity': 61.12}
2025-11-22 21:52:09,042 - VirtualSensor01 - INFO - Published telemetry: {'temperature': 15.72, 'humidity': 60.83}
2025-11-22 21:52:14,047 - VirtualSensor01 - INFO - Published telemetry: {'temperature': 23.6, 'humidity': 64.31}
2025-11-22 21:52:19,062 - VirtualSensor01 - INFO - Published telemetry: {'temperature': 21.6, 'humidity': 49.71}
2025-11-22 21:52:24,071 - VirtualSensor01 - INFO - Published telemetry: {'temperature': 19.58, 'humidity': 50.8}
2025-11-22 21:52:29,077 - VirtualSensor01 - INFO - Published telemetry: {'temperature': 18.99, 'humidity': 53.74}
2025-11-22 21:52:34,087 - VirtualSensor01 - INFO - Published telemetry: {'temperature': 23.6, 'humidity': 58.66}
2025-11-22 21:52:39,098 - VirtualSensor01 - INFO - Published telemetry: {'temperature': 20.79, 'humidity': 59.49}
2025-11-22 21:52:44,109 - VirtualSensor01 - INFO - Published telemetry: {'temperature': 16.24, 'humidity': 39.91}
2025-11-22 21:52:49,118 - VirtualSensor01 - INFO - Published telemetry: {'temperature': 21.83, 'humidity': 65.33}
2025-11-22 21:52:54,122 - VirtualSensor01 - INFO - Published telemetry: {'temperature': 17.51, 'humidity': 48.28}
2025-11-22 21:52:59,131 - VirtualSensor01 - INFO - Published telemetry: {'temperature': 22.86, 'humidity': 60.92}
2025-11-22 21:53:04,144 - VirtualSensor01 - INFO - Published telemetry: {'temperature': 18.65, 'humidity': 52.78}
2025-11-22 21:53:09,149 - VirtualSensor01 - INFO - Published telemetry: {'temperature': 15.51, 'humidity': 54.44}
2025-11-22 21:53:14,152 - VirtualSensor01 - INFO - Published telemetry: {'temperature': 18.65, 'humidity': 45.63}
2025-11-22 21:53:19,152 - VirtualSensor01 - INFO - Published telemetry: {'temperature': 17.94, 'humidity': 48.6}
2025-11-22 21:53:24,159 - VirtualSensor01 - INFO - Published telemetry: {'temperature': 23.48, 'humidity': 51.9}
2025-11-22 21:53:29,160 - VirtualSensor01 - INFO - Published telemetry: {'temperature': 22.23, 'humidity': 41.41}
2025-11-22 21:53:34,167 - VirtualSensor01 - INFO - Published telemetry: {'temperature': 21.65, 'humidity': 59.25}
2025-11-22 21:53:39,170 - VirtualSensor01 - INFO - Published telemetry: {'temperature': 21.98, 'humidity': 42.11}
2025-11-22 21:53:44,181 - VirtualSensor01 - INFO - Published telemetry: {'temperature': 19.04, 'humidity': 40.87}
2025-11-22 21:53:49,186 - VirtualSensor01 - INFO - Published telemetry: {'temperature': 20.78, 'humidity': 39.16}
2025-11-22 21:53:54,191 - VirtualSensor01 - INFO - Published telemetry: {'temperature': 16.56, 'humidity': 58.34}
2025-11-22 21:53:59,201 - VirtualSensor01 - INFO - Published telemetry: {'temperature': 24.33, 'humidity': 46.89}
2025-11-22 21:54:04,211 - VirtualSensor01 - INFO - Published telemetry: {'temperature': 20.38, 'humidity': 64.84}
2025-11-22 21:54:09,219 - VirtualSensor01 - INFO - Published telemetry: {'temperature': 16.82, 'humidity': 56.13}
2025-11-22 21:54:14,231 - VirtualSensor01 - INFO - Published telemetry: {'temperature': 22.72, 'humidity': 46.02}
2025-11-22 21:54:19,246 - VirtualSensor01 - INFO - Published telemetry: {'temperature': 21.24, 'humidity': 50.41}
2025-11-22 21:54:24,251 - VirtualSensor01 - INFO - Published telemetry: {'temperature': 16.45, 'humidity': 41.08}
2025-11-22 21:54:29,265 - VirtualSensor01 - INFO - Published telemetry: {'temperature': 18.59, 'humidity': 63.03}
2025-11-22 21:54:34,273 - VirtualSensor01 - INFO - Published telemetry: {'temperature': 24.01, 'humidity': 48.93}
2025-11-22 21:54:39,274 - VirtualSensor01 - INFO - Published telemetry: {'temperature': 24.87, 'humidity': 44.47}
2025-11-22 21:54:44,286 - VirtualSensor01 - INFO - Published telemetry: {'temperature': 19.05, 'humidity': 59.46}
2025-11-22 21:54:49,292 - VirtualSensor01 - INFO - Published telemetry: {'temperature': 22.93, 'humidity': 62.86}
2025-11-22 21:54:54,306 - VirtualSensor01 - INFO - Published telemetry: {'temperature': 18.61, 'humidity': 60.62}
2025-11-22 21:54:59,314 - VirtualSensor01 - INFO - Published telemetry: {'temperature': 25.05, 'humidity': 56.93}
2025-11-22 21:55:04,321 - VirtualSensor01 - INFO - Published telemetry: {'temperature': 20.49, 'humidity': 54.05}
2025-11-22 21:55:09,326 - VirtualSensor01 - INFO - Published telemetry: {'temperature': 23.06, 'humidity': 42.39}
2025-11-22 21:55:14,331 - VirtualSensor01 - INFO - Published telemetry: {'temperature': 17.87, 'humidity': 51.35}
2025-11-22 21:55:19,333 - VirtualSensor01 - INFO - Published telemetry: {'temperature': 23.61, 'humidity': 63.55}
2025-11-22 21:55:24,346 - VirtualSensor01 - INFO - Published telemetry: {'temperature': 22.87, 'humidity': 55.56}
2025-11-22 21:55:29,355 - VirtualSensor01 - INFO - Published telemetry: {'temperature': 24.65, 'humidity': 55.57}
2025-11-22 21:55:34,361 - VirtualSensor01 - INFO - Published telemetry: {'temperature': 18.18, 'humidity': 52.39}
2025-11-22 21:55:39,368 - VirtualSensor01 - INFO - Published telemetry: {'temperature': 24.29, 'humidity': 51.77}
2025-11-22 21:55:44,374 - VirtualSensor01 - INFO - Published telemetry: {'temperature': 25.7, 'humidity': 55.79}
2025-11-22 21:55:49,384 - VirtualSensor01 - INFO - Published telemetry: {'temperature': 16.31, 'humidity': 60.21}
2025-11-22 21:55:54,391 - VirtualSensor01 - INFO - Published telemetry: {'temperature': 25.13, 'humidity': 49.65}
2025-11-22 21:55:59,395 - VirtualSensor01 - INFO - Published telemetry: {'temperature': 21.7, 'humidity': 57.33}
2025-11-22 21:56:04,408 - VirtualSensor01 - INFO - Published telemetry: {'temperature': 21.38, 'humidity': 57.82}
2025-11-22 21:56:09,422 - VirtualSensor01 - INFO - Published telemetry: {'temperature': 21.01, 'humidity': 56.56}
2025-11-22 21:56:14,426 - VirtualSensor01 - INFO - Published telemetry: {'temperature': 16.1, 'humidity': 62.23}
2025-11-22 21:56:19,432 - VirtualSensor01 - INFO - Published telemetry: {'temperature': 22.41, 'humidity': 59.12}
2025-11-22 21:56:24,447 - VirtualSensor01 - INFO - Published telemetry: {'temperature': 22.17, 'humidity': 42.64}
2025-11-22 21:56:29,449 - VirtualSensor01 - INFO - Published telemetry: {'temperature': 21.66, 'humidity': 41.56}
2025-11-22 21:56:34,463 - VirtualSensor01 - INFO - Published telemetry: {'temperature': 23.2, 'humidity': 51.1}
2025-11-22 21:56:39,474 - VirtualSensor01 - INFO - Published telemetry: {'temperature': 22.73, 'humidity': 44.32}
2025-11-22 21:56:44,486 - VirtualSensor01 - INFO - Published telemetry: {'temperature': 21.42, 'humidity': 53.69}
2025-11-22 21:56:49,487 - VirtualSensor01 - INFO - Published telemetry: {'temperature': 23.97, 'humidity': 40.47}
2025-11-22 21:56:54,501 - VirtualSensor01 - INFO - Published telemetry: {'temperature': 23.78, 'humidity': 60.43}
2025-11-22 21:56:59,511 - VirtualSensor01 - INFO - Published telemetry: {'temperature': 17.87, 'humidity': 56.91}
2025-11-22 21:57:04,517 - VirtualSensor01 - INFO - Published telemetry: {'temperature': 16.03, 'humidity': 51.95}
2025-11-22 21:57:09,519 - VirtualSensor01 - INFO - Published telemetry: {'temperature': 16.98, 'humidity': 39.0}
2025-11-22 21:57:14,524 - VirtualSensor01 - INFO - Published telemetry: {'temperature': 24.04, 'humidity': 36.14}
2025-11-22 21:57:19,536 - VirtualSensor01 - INFO - Published telemetry: {'temperature': 20.53, 'humidity': 48.68}
2025-11-22 21:57:24,549 - VirtualSensor01 - INFO - Published telemetry: {'temperature': 17.86, 'humidity': 52.14}
2025-11-22 21:57:29,558 - VirtualSensor01 - INFO - Published telemetry: {'temperature': 21.6, 'humidity': 50.89}
2025-11-22 21:57:34,567 - VirtualSensor01 - INFO - Published telemetry: {'temperature': 16.61, 'humidity': 43.82}
2025-11-22 21:57:39,575 - VirtualSensor01 - INFO - Published telemetry: {'temperature': 20.18, 'humidity': 43.15}
2025-11-22 21:57:44,579 - VirtualSensor01 - INFO - Published telemetry: {'temperature': 20.8, 'humidity': 56.61}
2025-11-22 21:57:49,582 - VirtualSensor01 - INFO - Published telemetry: {'temperature': 16.8, 'humidity': 53.3}
2025-11-22 21:57:54,596 - VirtualSensor01 - INFO - Published telemetry: {'temperature': 19.02, 'humidity': 43.6}
2025-11-22 21:57:59,606 - VirtualSensor01 - INFO - Published telemetry: {'temperature': 22.38, 'humidity': 58.48}
2025-11-22 21:58:04,619 - VirtualSensor01 - INFO - Published telemetry: {'temperature': 15.55, 'humidity': 60.88}
2025-11-22 21:58:09,625 - VirtualSensor01 - INFO - Published telemetry: {'temperature': 18.58, 'humidity': 54.44}
2025-11-22 21:58:14,629 - VirtualSensor01 - INFO - Published telemetry: {'temperature': 24.31, 'humidity': 42.04}
2025-11-22 21:58:19,640 - VirtualSensor01 - INFO - Published telemetry: {'temperature': 21.51, 'humidity': 57.43}
2025-11-22 21:58:24,655 - VirtualSensor01 - INFO - Published telemetry: {'temperature': 25.38, 'humidity': 37.73}
2025-11-22 21:58:29,669 - VirtualSensor01 - INFO - Published telemetry: {'temperature': 25.26, 'humidity': 56.18}
2025-11-22 21:58:34,685 - VirtualSensor01 - INFO - Published telemetry: {'temperature': 19.79, 'humidity': 46.39}
2025-11-22 21:58:39,699 - VirtualSensor01 - INFO - Published telemetry: {'temperature': 15.77, 'humidity': 63.41}
2025-11-22 21:58:44,711 - VirtualSensor01 - INFO - Published telemetry: {'temperature': 15.66, 'humidity': 57.16}
2025-11-22 21:58:49,712 - VirtualSensor01 - INFO - Published telemetry: {'temperature': 18.87, 'humidity': 38.36}
2025-11-22 21:58:54,717 - VirtualSensor01 - INFO - Published telemetry: {'temperature': 19.24, 'humidity': 49.25}
2025-11-22 21:58:59,725 - VirtualSensor01 - INFO - Published telemetry: {'temperature': 24.78, 'humidity': 59.53}
2025-11-22 21:59:04,737 - VirtualSensor01 - INFO - Published telemetry: {'temperature': 21.24, 'humidity': 57.09}
2025-11-22 21:59:09,744 - VirtualSensor01 - INFO - Published telemetry: {'temperature': 20.76, 'humidity': 64.72}
2025-11-22 21:59:14,747 - VirtualSensor01 - INFO - Published telemetry: {'temperature': 25.33, 'humidity': 56.62}
2025-11-22 21:59:19,758 - VirtualSensor01 - INFO - Published telemetry: {'temperature': 21.96, 'humidity': 59.39}
2025-11-22 21:59:24,762 - VirtualSensor01 - INFO - Published telemetry: {'temperature': 16.66, 'humidity': 57.09}
2025-11-22 21:59:29,770 - VirtualSensor01 - INFO - Published telemetry: {'temperature': 21.95, 'humidity': 50.26}
2025-11-22 21:59:34,772 - VirtualSensor01 - INFO - Published telemetry: {'temperature': 17.13, 'humidity': 45.94}
2025-11-22 21:59:39,779 - VirtualSensor01 - INFO - Published telemetry: {'temperature': 21.22, 'humidity': 48.77}
2025-11-22 21:59:44,794 - VirtualSensor01 - INFO - Published telemetry: {'temperature': 16.38, 'humidity': 48.94}
2025-11-22 21:59:49,807 - VirtualSensor01 - INFO - Published telemetry: {'temperature': 17.21, 'humidity': 48.83}
2025-11-22 21:59:54,813 - VirtualSensor01 - INFO - Published telemetry: {'temperature': 21.78, 'humidity': 58.57}
2025-11-22 21:59:59,828 - VirtualSensor01 - INFO - Published telemetry: {'temperature': 18.46, 'humidity': 45.74}
2025-11-22 22:00:04,842 - VirtualSensor01 - INFO - Published telemetry: {'temperature': 17.57, 'humidity': 60.91}
2025-11-22 22:00:09,847 - VirtualSensor01 - INFO - Published telemetry: {'temperature': 22.56, 'humidity': 64.95}
2025-11-22 22:00:14,850 - VirtualSensor01 - INFO - Published telemetry: {'temperature': 25.72, 'humidity': 47.12}
2025-11-22 22:00:19,857 - VirtualSensor01 - INFO - Published telemetry: {'temperature': 16.14, 'humidity': 55.31}
2025-11-22 22:00:24,873 - VirtualSensor01 - INFO - Published telemetry: {'temperature': 18.71, 'humidity': 37.84}
2025-11-22 22:00:29,875 - VirtualSensor01 - INFO - Published telemetry: {'temperature': 19.09, 'humidity': 35.88}
2025-11-22 22:00:34,877 - VirtualSensor01 - INFO - Published telemetry: {'temperature': 22.03, 'humidity': 52.28}
2025-11-22 22:00:39,879 - VirtualSensor01 - INFO - Published telemetry: {'temperature': 20.03, 'humidity': 43.29}
2025-11-22 22:00:44,895 - VirtualSensor01 - INFO - Published telemetry: {'temperature': 20.73, 'humidity': 62.12}
2025-11-22 22:00:49,906 - VirtualSensor01 - INFO - Published telemetry: {'temperature': 18.46, 'humidity': 42.47}
2025-11-22 22:00:54,914 - VirtualSensor01 - INFO - Published telemetry: {'temperature': 25.56, 'humidity': 59.34}
2025-11-22 22:00:59,916 - VirtualSensor01 - INFO - Published telemetry: {'temperature': 17.85, 'humidity': 38.22}
2025-11-22 22:01:04,920 - VirtualSensor01 - INFO - Published telemetry: {'temperature': 24.82, 'humidity': 60.0}
2025-11-22 22:01:09,927 - VirtualSensor01 - INFO - Published telemetry: {'temperature': 15.7, 'humidity': 63.38}
2025-11-22 22:01:14,935 - VirtualSensor01 - INFO - Published telemetry: {'temperature': 19.12, 'humidity': 63.92}
2025-11-22 22:01:19,940 - VirtualSensor01 - INFO - Published telemetry: {'temperature': 17.3, 'humidity': 39.47}
2025-11-22 22:01:24,943 - VirtualSensor01 - INFO - Published telemetry: {'temperature': 20.26, 'humidity': 38.71}
2025-11-22 22:01:29,949 - VirtualSensor01 - INFO - Published telemetry: {'temperature': 23.86, 'humidity': 42.48}
2025-11-22 22:01:34,959 - VirtualSensor01 - INFO - Published telemetry: {'temperature': 24.01, 'humidity': 54.83}
2025-11-22 22:01:39,969 - VirtualSensor01 - INFO - Published telemetry: {'temperature': 16.65, 'humidity': 36.35}
2025-11-22 22:01:44,978 - VirtualSensor01 - INFO - Published telemetry: {'temperature': 19.46, 'humidity': 46.72}
2025-11-22 22:01:49,986 - VirtualSensor01 - INFO - Published telemetry: {'temperature': 23.79, 'humidity': 40.94}
2025-11-22 22:01:54,996 - VirtualSensor01 - INFO - Published telemetry: {'temperature': 23.25, 'humidity': 36.79}
2025-11-22 22:01:59,998 - VirtualSensor01 - INFO - Published telemetry: {'temperature': 22.84, 'humidity': 37.04}
2025-11-22 22:02:05,005 - VirtualSensor01 - INFO - Published telemetry: {'temperature': 17.82, 'humidity': 65.31}
2025-11-22 22:02:10,006 - VirtualSensor01 - INFO - Published telemetry: {'temperature': 15.73, 'humidity': 40.44}
2025-11-22 22:02:15,019 - VirtualSensor01 - INFO - Published telemetry: {'temperature': 15.98, 'humidity': 57.18}
2025-11-22 22:02:20,027 - VirtualSensor01 - INFO - Published telemetry: {'temperature': 23.75, 'humidity': 61.38}
2025-11-22 22:02:25,034 - VirtualSensor01 - INFO - Published telemetry: {'temperature': 22.08, 'humidity': 38.42}
2025-11-22 22:02:30,038 - VirtualSensor01 - INFO - Published telemetry: {'temperature': 17.34, 'humidity': 63.95}
2025-11-22 22:02:35,040 - VirtualSensor01 - INFO - Published telemetry: {'temperature': 17.83, 'humidity': 45.07}
2025-11-22 22:02:40,048 - VirtualSensor01 - INFO - Published telemetry: {'temperature': 25.27, 'humidity': 52.66}
2025-11-22 22:02:45,049 - VirtualSensor01 - INFO - Published telemetry: {'temperature': 16.94, 'humidity': 45.56}
2025-11-22 22:02:50,058 - VirtualSensor01 - INFO - Published telemetry: {'temperature': 17.56, 'humidity': 64.17}
2025-11-22 22:02:55,070 - VirtualSensor01 - INFO - Published telemetry: {'temperature': 16.84, 'humidity': 62.48}
2025-11-22 22:03:00,082 - VirtualSensor01 - INFO - Published telemetry: {'temperature': 17.05, 'humidity': 39.48}
2025-11-22 22:03:05,092 - VirtualSensor01 - INFO - Published telemetry: {'temperature': 17.75, 'humidity': 48.54}
2025-11-22 22:03:10,097 - VirtualSensor01 - INFO - Published telemetry: {'temperature': 16.33, 'humidity': 62.49}
2025-11-22 22:03:15,098 - VirtualSensor01 - INFO - Published telemetry: {'temperature': 17.98, 'humidity': 36.19}
2025-11-22 22:03:20,111 - VirtualSensor01 - INFO - Published telemetry: {'temperature': 24.55, 'humidity': 60.73}
2025-11-22 22:03:25,124 - VirtualSensor01 - INFO - Published telemetry: {'temperature': 20.5, 'humidity': 55.59}
2025-11-22 22:03:30,124 - VirtualSensor01 - INFO - Published telemetry: {'temperature': 18.65, 'humidity': 44.13}
2025-11-22 22:03:35,131 - VirtualSensor01 - INFO - Published telemetry: {'temperature': 15.89, 'humidity': 35.86}
2025-11-22 22:03:40,135 - VirtualSensor01 - INFO - Published telemetry: {'temperature': 18.04, 'humidity': 57.3}
2025-11-22 22:03:45,149 - VirtualSensor01 - INFO - Published telemetry: {'temperature': 17.45, 'humidity': 43.46}
2025-11-22 22:03:50,159 - VirtualSensor01 - INFO - Published telemetry: {'temperature': 21.81, 'humidity': 51.55}
2025-11-22 22:03:55,174 - VirtualSensor01 - INFO - Published telemetry: {'temperature': 22.98, 'humidity': 46.9}
2025-11-22 22:04:00,178 - VirtualSensor01 - INFO - Published telemetry: {'temperature': 16.13, 'humidity': 53.07}
2025-11-22 22:04:05,192 - VirtualSensor01 - INFO - Published telemetry: {'temperature': 25.61, 'humidity': 61.91}
2025-11-22 22:04:10,204 - VirtualSensor01 - INFO - Published telemetry: {'temperature': 18.48, 'humidity': 51.23}
2025-11-22 22:04:15,214 - VirtualSensor01 - INFO - Published telemetry: {'temperature': 16.6, 'humidity': 44.7}
2025-11-22 22:04:20,224 - VirtualSensor01 - INFO - Published telemetry: {'temperature': 20.34, 'humidity': 48.53}
2025-11-22 22:04:25,226 - VirtualSensor01 - INFO - Published telemetry: {'temperature': 24.22, 'humidity': 40.42}
2025-11-22 22:04:30,229 - VirtualSensor01 - INFO - Published telemetry: {'temperature': 21.93, 'humidity': 42.02}
2025-11-22 22:04:35,231 - VirtualSensor01 - INFO - Published telemetry: {'temperature': 25.19, 'humidity': 48.13}
2025-11-22 22:04:40,239 - VirtualSensor01 - INFO - Published telemetry: {'temperature': 16.16, 'humidity': 58.95}
2025-11-22 22:04:45,248 - VirtualSensor01 - INFO - Published telemetry: {'temperature': 22.47, 'humidity': 38.83}
2025-11-22 22:04:50,261 - VirtualSensor01 - INFO - Published telemetry: {'temperature': 19.7, 'humidity': 61.07}
2025-11-22 22:04:55,265 - VirtualSensor01 - INFO - Published telemetry: {'temperature': 21.28, 'humidity': 47.47}
2025-11-22 22:05:00,273 - VirtualSensor01 - INFO - Published telemetry: {'temperature': 25.25, 'humidity': 40.82}
2025-11-22 22:05:05,284 - VirtualSensor01 - INFO - Published telemetry: {'temperature': 20.29, 'humidity': 53.82}
2025-11-22 22:05:10,294 - VirtualSensor01 - INFO - Published telemetry: {'temperature': 20.43, 'humidity': 61.67}
2025-11-22 22:05:15,298 - VirtualSensor01 - INFO - Published telemetry: {'temperature': 23.61, 'humidity': 49.88}
2025-11-22 22:05:20,310 - VirtualSensor01 - INFO - Published telemetry: {'temperature': 18.93, 'humidity': 42.11}
2025-11-22 22:05:25,313 - VirtualSensor01 - INFO - Published telemetry: {'temperature': 16.8, 'humidity': 35.67}
2025-11-22 22:05:30,323 - VirtualSensor01 - INFO - Published telemetry: {'temperature': 15.71, 'humidity': 50.95}
2025-11-22 22:05:35,337 - VirtualSensor01 - INFO - Published telemetry: {'temperature': 22.8, 'humidity': 59.66}
2025-11-22 22:05:40,345 - VirtualSensor01 - INFO - Published telemetry: {'temperature': 21.44, 'humidity': 53.0}
2025-11-22 22:05:45,358 - VirtualSensor01 - INFO - Published telemetry: {'temperature': 18.21, 'humidity': 59.3}
2025-11-22 22:05:50,363 - VirtualSensor01 - INFO - Published telemetry: {'temperature': 18.51, 'humidity': 46.18}
2025-11-22 22:05:55,378 - VirtualSensor01 - INFO - Published telemetry: {'temperature': 19.16, 'humidity': 64.22}
2025-11-22 22:06:00,389 - VirtualSensor01 - INFO - Published telemetry: {'temperature': 20.39, 'humidity': 39.64}
2025-11-22 22:06:05,398 - VirtualSensor01 - INFO - Published telemetry: {'temperature': 23.26, 'humidity': 43.83}
2025-11-22 22:06:10,399 - VirtualSensor01 - INFO - Published telemetry: {'temperature': 21.11, 'humidity': 41.24}
2025-11-22 22:06:15,413 - VirtualSensor01 - INFO - Published telemetry: {'temperature': 20.85, 'humidity': 58.78}
2025-11-22 22:06:20,417 - VirtualSensor01 - INFO - Published telemetry: {'temperature': 18.65, 'humidity': 43.52}
2025-11-22 22:06:25,421 - VirtualSensor01 - INFO - Published telemetry: {'temperature': 22.53, 'humidity': 46.57}
2025-11-22 22:06:30,433 - VirtualSensor01 - INFO - Published telemetry: {'temperature': 19.86, 'humidity': 39.1}
2025-11-22 22:06:35,436 - VirtualSensor01 - INFO - Published telemetry: {'temperature': 19.18, 'humidity': 43.83}
2025-11-22 22:06:40,447 - VirtualSensor01 - INFO - Published telemetry: {'temperature': 16.49, 'humidity': 36.61}
2025-11-22 22:06:45,449 - VirtualSensor01 - INFO - Published telemetry: {'temperature': 24.07, 'humidity': 39.44}
2025-11-22 22:06:50,453 - VirtualSensor01 - INFO - Published telemetry: {'temperature': 22.07, 'humidity': 43.27}
2025-11-22 22:06:55,469 - VirtualSensor01 - INFO - Published telemetry: {'temperature': 17.01, 'humidity': 39.03}
2025-11-22 22:07:00,471 - VirtualSensor01 - INFO - Published telemetry: {'temperature': 18.62, 'humidity': 59.16}
2025-11-22 22:07:05,482 - VirtualSensor01 - INFO - Published telemetry: {'temperature': 22.88, 'humidity': 59.46}
2025-11-22 22:07:10,491 - VirtualSensor01 - INFO - Published telemetry: {'temperature': 24.13, 'humidity': 61.34}
2025-11-22 22:07:15,498 - VirtualSensor01 - INFO - Published telemetry: {'temperature': 20.3, 'humidity': 53.81}
2025-11-22 22:07:20,508 - VirtualSensor01 - INFO - Published telemetry: {'temperature': 17.05, 'humidity': 60.23}
2025-11-22 22:07:25,518 - VirtualSensor01 - INFO - Published telemetry: {'temperature': 21.26, 'humidity': 57.7}
2025-11-22 22:07:30,531 - VirtualSensor01 - INFO - Published telemetry: {'temperature': 15.81, 'humidity': 37.14}
2025-11-22 22:07:35,539 - VirtualSensor01 - INFO - Published telemetry: {'temperature': 24.59, 'humidity': 54.19}
2025-11-22 22:07:40,552 - VirtualSensor01 - INFO - Published telemetry: {'temperature': 22.72, 'humidity': 56.31}
2025-11-22 22:07:45,569 - VirtualSensor01 - INFO - Published telemetry: {'temperature': 20.08, 'humidity': 62.28}
2025-11-22 22:07:50,571 - VirtualSensor01 - INFO - Published telemetry: {'temperature': 15.25, 'humidity': 50.9}
2025-11-22 22:07:55,578 - VirtualSensor01 - INFO - Published telemetry: {'temperature': 24.1, 'humidity': 54.38}
2025-11-22 22:08:00,591 - VirtualSensor01 - INFO - Published telemetry: {'temperature': 21.76, 'humidity': 42.52}
2025-11-22 22:08:05,598 - VirtualSensor01 - INFO - Published telemetry: {'temperature': 18.32, 'humidity': 45.07}
2025-11-22 22:08:10,611 - VirtualSensor01 - INFO - Published telemetry: {'temperature': 20.06, 'humidity': 43.14}
2025-11-22 22:08:15,619 - VirtualSensor01 - INFO - Published telemetry: {'temperature': 20.6, 'humidity': 56.77}
2025-11-22 22:08:20,630 - VirtualSensor01 - INFO - Published telemetry: {'temperature': 24.01, 'humidity': 45.0}
2025-11-22 22:08:25,634 - VirtualSensor01 - INFO - Published telemetry: {'temperature': 20.68, 'humidity': 56.99}
2025-11-22 22:08:30,644 - VirtualSensor01 - INFO - Published telemetry: {'temperature': 16.13, 'humidity': 61.86}
2025-11-22 22:08:35,650 - VirtualSensor01 - INFO - Published telemetry: {'temperature': 22.18, 'humidity': 42.87}
2025-11-22 22:08:40,656 - VirtualSensor01 - INFO - Published telemetry: {'temperature': 21.32, 'humidity': 45.17}
2025-11-22 22:08:45,657 - VirtualSensor01 - INFO - Published telemetry: {'temperature': 18.12, 'humidity': 64.38}
2025-11-22 22:08:50,660 - VirtualSensor01 - INFO - Published telemetry: {'temperature': 25.04, 'humidity': 45.8}
2025-11-22 22:08:55,671 - VirtualSensor01 - INFO - Published telemetry: {'temperature': 24.68, 'humidity': 60.67}
2025-11-22 22:09:00,683 - VirtualSensor01 - INFO - Published telemetry: {'temperature': 23.54, 'humidity': 61.66}
2025-11-22 22:09:05,689 - VirtualSensor01 - INFO - Published telemetry: {'temperature': 15.68, 'humidity': 45.12}
2025-11-22 22:09:10,705 - VirtualSensor01 - INFO - Published telemetry: {'temperature': 20.13, 'humidity': 37.99}
2025-11-22 22:09:15,713 - VirtualSensor01 - INFO - Published telemetry: {'temperature': 19.61, 'humidity': 62.32}
2025-11-22 22:09:20,715 - VirtualSensor01 - INFO - Published telemetry: {'temperature': 16.23, 'humidity': 57.55}
2025-11-22 22:09:25,724 - VirtualSensor01 - INFO - Published telemetry: {'temperature': 22.02, 'humidity': 64.86}
2025-11-22 22:09:30,736 - VirtualSensor01 - INFO - Published telemetry: {'temperature': 24.08, 'humidity': 40.16}
2025-11-22 22:09:35,750 - VirtualSensor01 - INFO - Published telemetry: {'temperature': 21.9, 'humidity': 57.6}
2025-11-22 22:09:40,752 - VirtualSensor01 - INFO - Published telemetry: {'temperature': 16.81, 'humidity': 35.67}
2025-11-22 22:09:45,754 - VirtualSensor01 - INFO - Published telemetry: {'temperature': 19.19, 'humidity': 39.0}
2025-11-22 22:09:50,757 - VirtualSensor01 - INFO - Published telemetry: {'temperature': 23.63, 'humidity': 44.33}
2025-11-22 22:09:55,766 - VirtualSensor01 - INFO - Published telemetry: {'temperature': 17.69, 'humidity': 46.23}
2025-11-22 22:10:00,770 - VirtualSensor01 - INFO - Published telemetry: {'temperature': 20.83, 'humidity': 51.42}
2025-11-22 22:10:05,777 - VirtualSensor01 - INFO - Published telemetry: {'temperature': 22.39, 'humidity': 37.24}
2025-11-22 22:10:10,782 - VirtualSensor01 - INFO - Published telemetry: {'temperature': 21.41, 'humidity': 51.51}
2025-11-22 22:10:15,798 - VirtualSensor01 - INFO - Published telemetry: {'temperature': 24.16, 'humidity': 61.85}
2025-11-22 22:10:20,813 - VirtualSensor01 - INFO - Published telemetry: {'temperature': 16.72, 'humidity': 46.92}
2025-11-22 22:10:25,828 - VirtualSensor01 - INFO - Published telemetry: {'temperature': 16.69, 'humidity': 47.7}
2025-11-22 22:10:30,843 - VirtualSensor01 - INFO - Published telemetry: {'temperature': 21.15, 'humidity': 44.97}
2025-11-22 22:10:35,857 - VirtualSensor01 - INFO - Published telemetry: {'temperature': 19.67, 'humidity': 36.4}
2025-11-22 22:10:40,861 - VirtualSensor01 - INFO - Published telemetry: {'temperature': 22.41, 'humidity': 51.17}
2025-11-22 22:10:45,872 - VirtualSensor01 - INFO - Published telemetry: {'temperature': 20.1, 'humidity': 50.73}
2025-11-22 22:10:50,888 - VirtualSensor01 - INFO - Published telemetry: {'temperature': 22.88, 'humidity': 51.9}
2025-11-22 22:10:55,896 - VirtualSensor01 - INFO - Published telemetry: {'temperature': 20.71, 'humidity': 42.17}
2025-11-22 22:11:00,903 - VirtualSensor01 - INFO - Published telemetry: {'temperature': 24.05, 'humidity': 59.77}
2025-11-22 22:11:05,916 - VirtualSensor01 - INFO - Published telemetry: {'temperature': 24.31, 'humidity': 61.15}
2025-11-22 22:11:10,923 - VirtualSensor01 - INFO - Published telemetry: {'temperature': 19.14, 'humidity': 63.28}
2025-11-22 22:11:15,935 - VirtualSensor01 - INFO - Published telemetry: {'temperature': 25.4, 'humidity': 61.74}
2025-11-22 22:11:20,947 - VirtualSensor01 - INFO - Published telemetry: {'temperature': 25.08, 'humidity': 47.46}
2025-11-22 22:11:25,954 - VirtualSensor01 - INFO - Published telemetry: {'temperature': 17.96, 'humidity': 56.6}
2025-11-22 22:11:26,376 - VirtualSensor01 - INFO - 
Keyboard interrupt received
2025-11-22 22:11:26,376 - VirtualSensor01 - INFO - Stopping sensor...
2025-11-22 22:11:26,389 - VirtualSensor01 - INFO - Telemetry loop stopped
2025-11-22 22:12:12,180 - VirtualSensor01 - INFO - Starting VirtualSensor01 - Connecting to eu.thingsboard.cloud:1883
2025-11-22 22:12:12,506 - VirtualSensor01 - INFO - Connected to ThingsBoard successfully
2025-11-22 22:12:12,512 - VirtualSensor01 - INFO - Subscribed to v1/devices/me/attributes
2025-11-22 22:12:12,513 - VirtualSensor01 - INFO - Requested shared attributes
2025-11-22 22:12:12,706 - VirtualSensor01 - INFO - Received message on v1/devices/me/attributes/response/1: {}
2025-11-22 22:12:14,400 - VirtualSensor01 - INFO - Starting telemetry loop
2025-11-22 22:12:14,400 - VirtualSensor01 - INFO - Sensor started successfully
2025-11-22 22:12:14,400 - VirtualSensor01 - INFO - Published telemetry: {'temperature': 23.12, 'humidity': 53.06}
2025-11-22 22:12:19,413 - VirtualSensor01 - INFO - Published telemetry: {'temperature': 17.07, 'humidity': 51.18}
2025-11-22 22:12:24,419 - VirtualSensor01 - INFO - Published telemetry: {'temperature': 25.27, 'humidity': 37.22}
2025-11-22 22:12:29,424 - VirtualSensor01 - INFO - Published telemetry: {'temperature': 16.96, 'humidity': 55.36}
2025-11-22 22:12:34,439 - VirtualSensor01 - INFO - Published telemetry: {'temperature': 21.27, 'humidity': 61.14}
2025-11-22 22:12:39,449 - VirtualSensor01 - INFO - Published telemetry: {'temperature': 15.45, 'humidity': 60.93}
2025-11-22 22:12:44,457 - VirtualSensor01 - INFO - Published telemetry: {'temperature': 21.12, 'humidity': 56.36}
2025-11-22 22:12:49,465 - VirtualSensor01 - INFO - Published telemetry: {'temperature': 24.29, 'humidity': 54.38}
2025-11-22 22:12:54,465 - VirtualSensor01 - INFO - Published telemetry: {'temperature': 21.77, 'humidity': 56.17}
2025-11-22 22:12:59,470 - VirtualSensor01 - INFO - Published telemetry: {'temperature': 19.68, 'humidity': 36.44}
2025-11-22 22:13:04,486 - VirtualSensor01 - INFO - Published telemetry: {'temperature': 21.99, 'humidity': 35.1}
2025-11-22 22:13:09,496 - VirtualSensor01 - INFO - Published telemetry: {'temperature': 15.31, 'humidity': 44.24}
2025-11-22 22:13:14,508 - VirtualSensor01 - INFO - Published telemetry: {'temperature': 16.71, 'humidity': 39.74}
2025-11-22 22:13:19,523 - VirtualSensor01 - INFO - Published telemetry: {'temperature': 16.95, 'humidity': 44.85}
2025-11-22 22:13:24,533 - VirtualSensor01 - INFO - Published telemetry: {'temperature': 18.42, 'humidity': 46.07}
2025-11-22 22:13:29,534 - VirtualSensor01 - INFO - Published telemetry: {'temperature': 21.32, 'humidity': 59.75}
2025-11-22 22:13:34,535 - VirtualSensor01 - INFO - Published telemetry: {'temperature': 22.66, 'humidity': 61.54}
2025-11-22 22:13:39,546 - VirtualSensor01 - INFO - Published telemetry: {'temperature': 23.73, 'humidity': 63.51}
2025-11-22 22:13:44,562 - VirtualSensor01 - INFO - Published telemetry: {'temperature': 18.55, 'humidity': 63.33}
2025-11-22 22:13:49,574 - VirtualSensor01 - INFO - Published telemetry: {'temperature': 16.03, 'humidity': 53.14}
2025-11-22 22:13:54,578 - VirtualSensor01 - INFO - Published telemetry: {'temperature': 17.3, 'humidity': 55.56}
2025-11-22 22:13:59,591 - VirtualSensor01 - INFO - Published telemetry: {'temperature': 21.63, 'humidity': 40.97}
2025-11-22 22:14:04,594 - VirtualSensor01 - INFO - Published telemetry: {'temperature': 24.16, 'humidity': 46.5}
2025-11-22 22:14:09,598 - VirtualSensor01 - INFO - Published telemetry: {'temperature': 16.43, 'humidity': 49.71}
2025-11-22 22:14:11,486 - VirtualSensor01 - INFO - 
Keyboard interrupt received
2025-11-22 22:14:11,486 - VirtualSensor01 - INFO - Stopping sensor...
2025-11-22 22:14:11,486 - VirtualSensor01 - INFO - Telemetry loop stopped
2025-11-22 22:14:12,687 - VirtualSensor01 - INFO - Disconnected from ThingsBoard
2025-11-22 22:14:12,687 - VirtualSensor01 - INFO - Sensor stopped successfully
2025-11-22 22:14:12,687 - VirtualSensor01 - INFO - Application exited
2025-11-22 22:20:23,333 - VirtualSensor01 - INFO - Starting VirtualSensor01 - Connecting to eu.thingsboard.cloud:1883
2025-11-22 22:20:23,697 - VirtualSensor01 - INFO - Connected to ThingsBoard successfully
2025-11-22 22:20:23,697 - VirtualSensor01 - INFO - Subscribed to v1/devices/me/attributes
2025-11-22 22:20:23,697 - VirtualSensor01 - INFO - Requested shared attributes
2025-11-22 22:20:23,885 - VirtualSensor01 - INFO - Received message on v1/devices/me/attributes/response/1: {}
2025-11-22 22:20:25,525 - VirtualSensor01 - INFO - Starting telemetry loop
2025-11-22 22:20:25,525 - VirtualSensor01 - INFO - Sensor started successfully
2025-11-22 22:20:25,525 - VirtualSensor01 - INFO - Published telemetry: {'temperature': 25.26, 'humidity': 60.96}
2025-11-22 22:20:30,529 - VirtualSensor01 - INFO - Published telemetry: {'temperature': 18.42, 'humidity': 53.77}
2025-11-22 22:20:35,531 - VirtualSensor01 - INFO - Published telemetry: {'temperature': 17.68, 'humidity': 58.73}
2025-11-22 22:20:40,534 - VirtualSensor01 - INFO - Published telemetry: {'temperature': 19.28, 'humidity': 46.7}
2025-11-22 22:20:45,545 - VirtualSensor01 - INFO - Published telemetry: {'temperature': 21.02, 'humidity': 55.43}
2025-11-22 22:20:50,565 - VirtualSensor01 - INFO - Published telemetry: {'temperature': 20.94, 'humidity': 37.51}
2025-11-22 22:20:50,675 - VirtualSensor01 - INFO - 
Keyboard interrupt received
2025-11-22 22:20:50,675 - VirtualSensor01 - INFO - Stopping sensor...
2025-11-22 22:20:50,675 - VirtualSensor01 - INFO - Telemetry loop stopped
2025-11-22 22:21:19,014 - VirtualSensor01 - INFO - Starting VirtualSensor01 - Connecting to eu.thingsboard.cloud:1883
2025-11-22 22:21:19,354 - VirtualSensor01 - INFO - Connected to ThingsBoard successfully
2025-11-22 22:21:19,354 - VirtualSensor01 - INFO - Subscribed to v1/devices/me/attributes
2025-11-22 22:21:19,354 - VirtualSensor01 - INFO - Requested shared attributes
2025-11-22 22:21:20,245 - VirtualSensor01 - INFO - Received message on v1/devices/me/attributes/response/1: {}
2025-11-22 22:21:21,152 - VirtualSensor01 - INFO - Starting telemetry loop
2025-11-22 22:21:21,152 - VirtualSensor01 - INFO - Sensor started successfully
2025-11-22 22:21:21,157 - VirtualSensor01 - INFO - Published telemetry: {'temperature': 24.66, 'humidity': 38.81}
2025-11-22 22:21:26,161 - VirtualSensor01 - INFO - Published telemetry: {'temperature': 24.69, 'humidity': 64.84}
2025-11-22 22:21:31,166 - VirtualSensor01 - INFO - Published telemetry: {'temperature': 16.2, 'humidity': 47.88}
2025-11-22 22:21:36,168 - VirtualSensor01 - INFO - Published telemetry: {'temperature': 22.47, 'humidity': 48.0}
2025-11-22 22:21:41,172 - VirtualSensor01 - INFO - Published telemetry: {'temperature': 22.87, 'humidity': 61.83}
2025-11-22 22:21:46,172 - VirtualSensor01 - INFO - Published telemetry: {'temperature': 18.96, 'humidity': 52.28}
2025-11-22 22:21:51,180 - VirtualSensor01 - INFO - Published telemetry: {'temperature': 24.2, 'humidity': 38.85}
2025-11-22 22:21:56,194 - VirtualSensor01 - INFO - Published telemetry: {'temperature': 23.85, 'humidity': 49.09}
2025-11-22 22:22:01,206 - VirtualSensor01 - INFO - Published telemetry: {'temperature': 17.94, 'humidity': 42.72}
2025-11-22 22:22:03,884 - VirtualSensor01 - INFO - 
Keyboard interrupt received
2025-11-22 22:22:03,884 - VirtualSensor01 - INFO - Stopping sensor...
2025-11-22 22:22:03,884 - VirtualSensor01 - INFO - Telemetry loop stopped
2025-11-22 22:27:36,778 - VirtualSensor01 - INFO - Starting VirtualSensor01 - Connecting to eu.thingsboard.cloud:1883
2025-11-22 22:27:37,025 - VirtualSensor01 - INFO - Connected to ThingsBoard successfully
2025-11-22 22:27:37,025 - VirtualSensor01 - INFO - Subscribed to v1/devices/me/attributes
2025-11-22 22:27:37,027 - VirtualSensor01 - INFO - Requested shared attributes
2025-11-22 22:27:37,183 - VirtualSensor01 - INFO - Received message on v1/devices/me/attributes/response/1: {}
2025-11-22 22:27:38,957 - VirtualSensor01 - INFO - Starting telemetry loop
2025-11-22 22:27:38,957 - VirtualSensor01 - INFO - Sensor started successfully
2025-11-22 22:27:38,957 - VirtualSensor01 - INFO - Published telemetry: {'temperature': 23.33, 'humidity': 37.46}
2025-11-22 22:27:43,961 - VirtualSensor01 - INFO - Published telemetry: {'temperature': 23.42, 'humidity': 63.77}
2025-11-22 22:27:48,962 - VirtualSensor01 - INFO - Published telemetry: {'temperature': 21.68, 'humidity': 51.89}
2025-11-22 22:27:53,972 - VirtualSensor01 - INFO - Published telemetry: {'temperature': 19.83, 'humidity': 44.45}
2025-11-22 22:27:58,979 - VirtualSensor01 - INFO - Published telemetry: {'temperature': 17.81, 'humidity': 50.57}
2025-11-22 22:28:03,995 - VirtualSensor01 - INFO - Published telemetry: {'temperature': 18.7, 'humidity': 54.09}
2025-11-22 22:28:09,002 - VirtualSensor01 - INFO - Published telemetry: {'temperature': 23.03, 'humidity': 47.68}
2025-11-22 22:28:14,017 - VirtualSensor01 - INFO - Published telemetry: {'temperature': 18.04, 'humidity': 61.54}
2025-11-22 22:28:17,037 - VirtualSensor01 - INFO - 
Keyboard interrupt received
2025-11-22 22:28:17,037 - VirtualSensor01 - INFO - Stopping sensor...
2025-11-22 22:28:17,037 - VirtualSensor01 - INFO - Telemetry loop stopped
